[06F4:3D40][2026-06-18T09:42:32]i001: Burn v3.14.1.8722, Windows v10.0 (Build 22621: Service Pack 0), path: C:\Users\admin\AppData\Local\Temp\{576CDD96-1EC1-490A-9A6A-5F77628CA34F}\.cr\python-installer.exe
[06F4:3D40][2026-06-18T09:42:32]i000: Initializing string variable 'ActionLikeInstalling' to value 'Installing'
[06F4:3D40][2026-06-18T09:42:32]i000: Initializing string variable 'ActionLikeInstallation' to value 'Setup'
[06F4:3D40][2026-06-18T09:42:32]i000: Initializing string variable 'ShortVersion' to value '3.13'
[06F4:3D40][2026-06-18T09:42:32]i000: Initializing numeric variable 'ShortVersionNoDot' to value '313'
[06F4:3D40][2026-06-18T09:42:32]i000: Initializing string variable 'WinVer' to value '3.13'
[06F4:3D40][2026-06-18T09:42:32]i000: Initializing numeric variable 'WinVerNoDot' to value '313'
[06F4:3D40][2026-06-18T09:42:32]i000: Initializing numeric variable 'InstallAllUsers' to value '0'
[06F4:3D40][2026-06-18T09:42:32]i000: Initializing numeric variable 'InstallLauncherAllUsers' to value '-1'
[06F4:3D40][2026-06-18T09:42:32]i000: Initializing string variable 'TargetDir' to value ''
[06F4:3D40][2026-06-18T09:42:32]i000: Initializing string variable 'DefaultAllUsersTargetDir' to value '[ProgramFiles64Folder]Python[WinVerNoDot]'
[06F4:3D40][2026-06-18T09:42:32]i000: Initializing string variable 'TargetPlatform' to value 'x64'
[06F4:3D40][2026-06-18T09:42:32]i000: Initializing string variable 'DefaultJustForMeTargetDir' to value '[LocalAppDataFolder]Programs\Python\Python[WinVerNoDot]'
[06F4:3D40][2026-06-18T09:42:32]i000: Initializing string variable 'OptionalFeaturesRegistryKey' to value 'Software\Python\PythonCore\[WinVer]\InstalledFeatures'
[06F4:3D40][2026-06-18T09:42:32]i000: Initializing string variable 'TargetDirRegistryKey' to value 'Software\Python\PythonCore\[WinVer]\InstallPath'
[06F4:3D40][2026-06-18T09:42:32]i000: Initializing string variable 'DefaultCustomTargetDir' to value ''
[06F4:3D40][2026-06-18T09:42:32]i000: Initializing string variable 'InstallAllUsersState' to value 'enabled'
[06F4:3D40][2026-06-18T09:42:32]i000: Initializing string variable 'InstallLauncherAllUsersState' to value 'enabled'
[06F4:3D40][2026-06-18T09:42:32]i000: Initializing string variable 'CustomInstallLauncherAllUsersState' to value '[InstallLauncherAllUsersState]'
[06F4:3D40][2026-06-18T09:42:32]i000: Initializing string variable 'TargetDirState' to value 'enabled'
[06F4:3D40][2026-06-18T09:42:32]i000: Initializing string variable 'CustomBrowseButtonState' to value 'enabled'
[06F4:3D40][2026-06-18T09:42:32]i000: Initializing numeric variable 'Include_core' to value '1'
[06F4:3D40][2026-06-18T09:42:32]i000: Initializing numeric variable 'Include_exe' to value '1'
[06F4:3D40][2026-06-18T09:42:32]i000: Initializing numeric variable 'Include_dev' to value '1'
[06F4:3D40][2026-06-18T09:42:32]i000: Initializing numeric variable 'Include_lib' to value '1'
[06F4:3D40][2026-06-18T09:42:32]i000: Initializing numeric variable 'Include_test' to value '1'
[06F4:3D40][2026-06-18T09:42:32]i000: Initializing numeric variable 'Include_doc' to value '1'
[06F4:3D40][2026-06-18T09:42:32]i000: Initializing numeric variable 'Include_tools' to value '0'
[06F4:3D40][2026-06-18T09:42:32]i000: Initializing numeric variable 'Include_tcltk' to value '1'
[06F4:3D40][2026-06-18T09:42:32]i000: Initializing numeric variable 'Include_pip' to value '1'
[06F4:3D40][2026-06-18T09:42:32]i000: Initializing numeric variable 'Include_launcher' to value '-1'
[06F4:3D40][2026-06-18T09:42:32]i000: Initializing string variable 'Include_launcherState' to value 'enabled'
[06F4:3D40][2026-06-18T09:42:32]i000: Initializing numeric variable 'Include_symbols' to value '0'
[06F4:3D40][2026-06-18T09:42:32]i000: Initializing numeric variable 'Include_debug' to value '0'
[06F4:3D40][2026-06-18T09:42:32]i000: Initializing numeric variable 'Include_freethreaded' to value '0'
[06F4:3D40][2026-06-18T09:42:32]i000: Initializing string variable 'Include_freethreadedState' to value 'enabled'
[06F4:3D40][2026-06-18T09:42:32]i000: Initializing numeric variable 'LauncherOnly' to value '0'
[06F4:3D40][2026-06-18T09:42:32]i000: Initializing numeric variable 'BlockedLauncher' to value '0'
[06F4:3D40][2026-06-18T09:42:32]i000: Initializing numeric variable 'DetectedLauncher' to value '0'
[06F4:3D40][2026-06-18T09:42:32]i000: Initializing numeric variable 'DetectedOldLauncher' to value '0'
[06F4:3D40][2026-06-18T09:42:32]i000: Initializing numeric variable 'AssociateFiles' to value '-1'
[06F4:3D40][2026-06-18T09:42:32]i000: Initializing numeric variable 'Shortcuts' to value '1'
[06F4:3D40][2026-06-18T09:42:32]i000: Initializing numeric variable 'PrependPath' to value '0'
[06F4:3D40][2026-06-18T09:42:32]i000: Initializing numeric variable 'AppendPath' to value '0'
[06F4:3D40][2026-06-18T09:42:32]i000: Initializing numeric variable 'CompileAll' to value '0'
[06F4:3D40][2026-06-18T09:42:32]i000: Initializing numeric variable 'SimpleInstall' to value '0'
[06F4:3D40][2026-06-18T09:42:32]i000: Initializing string variable 'SimpleInstallDescription' to value ''
[06F4:3D40][2026-06-18T09:42:32]i009: Command Line: '-burn.clean.room=D:\Hazel\Antig\0618am\python-installer.exe -burn.filehandle.attached=584 -burn.filehandle.self=592 /quiet InstallAllUsers=0 PrependPath=1 TargetDir=C:\Users\admin\AppData\Local\Programs\Python\Python313 Include_test=0 /log python_install.log'
[06F4:3D40][2026-06-18T09:42:32]i000: Setting string variable 'WixBundleOriginalSource' to value 'D:\Hazel\Antig\0618am\python-installer.exe'
[06F4:3D40][2026-06-18T09:42:32]i000: Setting string variable 'WixBundleOriginalSourceFolder' to value 'D:\Hazel\Antig\0618am\'
[06F4:3D40][2026-06-18T09:42:32]i000: Setting string variable 'WixBundleLog' to value 'D:\Hazel\Antig\0618am\python_install.log'
[06F4:3D40][2026-06-18T09:42:32]i000: Setting string variable 'WixBundleName' to value 'Python 3.13.14 (64-bit)'
[06F4:3D40][2026-06-18T09:42:32]i000: Setting string variable 'WixBundleManufacturer' to value 'Python Software Foundation'
[06F4:3D40][2026-06-18T09:42:32]i000: Setting numeric variable 'CRTInstalled' to value 1
[06F4:231C][2026-06-18T09:42:32]i000: Did not find D:\Hazel\Antig\0618am\unattend.xml
[06F4:231C][2026-06-18T09:42:32]i000: Setting numeric variable 'InstallAllUsers' to value 0
[06F4:231C][2026-06-18T09:42:32]i000: Setting numeric variable 'PrependPath' to value 1
[06F4:231C][2026-06-18T09:42:32]i000: Setting string variable 'TargetDir' to value 'C:\Users\admin\AppData\Local\Programs\Python\Python313'
[06F4:231C][2026-06-18T09:42:32]i000: Setting numeric variable 'Include_test' to value 0
[06F4:231C][2026-06-18T09:42:32]i000: Setting string variable 'ActionLikeInstalling' to value 'Installing'
[06F4:231C][2026-06-18T09:42:32]i000: Setting string variable 'ActionLikeInstallation' to value 'Setup'
[06F4:231C][2026-06-18T09:42:32]i000: Setting version variable 'WixBundleFileVersion' to value '3.13.14150.0'
[06F4:231C][2026-06-18T09:42:33]i000: Target OS is Windows 10 or later
[06F4:3D40][2026-06-18T09:42:33]i100: Detect begin, 58 packages
[06F4:3D40][2026-06-18T09:42:33]i103: Detected related package: {D1C302AD-2299-4673-987E-4BE725979548}, scope: PerUser, version: 3.14.3150.0, language: 0 operation: Downgrade
[06F4:3D40][2026-06-18T09:42:33]i000: Detected existing launcher install
[06F4:3D40][2026-06-18T09:42:33]i000: Setting numeric variable 'DetectedLauncher' to value 1
[06F4:3D40][2026-06-18T09:42:33]e000: Higher version launcher has been detected.
[06F4:3D40][2026-06-18T09:42:33]e000: Launcher will not be installed
[06F4:3D40][2026-06-18T09:42:33]i000: Setting numeric variable 'BlockedLauncher' to value 1
[06F4:3D40][2026-06-18T09:42:33]i103: Detected related package: {D1C302AD-2299-4673-987E-4BE725979548}, scope: PerUser, version: 3.14.3150.0, language: 0 operation: Downgrade
[06F4:3D40][2026-06-18T09:42:33]i101: Detected package: core_AllUsers, state: Absent, cached: None
[06F4:3D40][2026-06-18T09:42:33]i101: Detected package: core_AllUsers_pdb, state: Absent, cached: None
[06F4:3D40][2026-06-18T09:42:33]i101: Detected package: core_AllUsers_d, state: Absent, cached: None
[06F4:3D40][2026-06-18T09:42:33]i101: Detected package: core_JustForMe, state: Absent, cached: None
[06F4:3D40][2026-06-18T09:42:33]i101: Detected package: core_JustForMe_pdb, state: Absent, cached: None
[06F4:3D40][2026-06-18T09:42:33]i101: Detected package: core_JustForMe_d, state: Absent, cached: None
[06F4:3D40][2026-06-18T09:42:33]i101: Detected package: exe_AllUsers, state: Absent, cached: None
[06F4:3D40][2026-06-18T09:42:33]i104: Detected package: exe_AllUsers, feature: DefaultFeature, state: Absent
[06F4:3D40][2026-06-18T09:42:33]i104: Detected package: exe_AllUsers, feature: Shortcuts, state: Absent
[06F4:3D40][2026-06-18T09:42:33]i101: Detected package: exe_AllUsers_pdb, state: Absent, cached: None
[06F4:3D40][2026-06-18T09:42:33]i101: Detected package: exe_AllUsers_d, state: Absent, cached: None
[06F4:3D40][2026-06-18T09:42:33]i101: Detected package: exe_JustForMe, state: Absent, cached: None
[06F4:3D40][2026-06-18T09:42:33]i104: Detected package: exe_JustForMe, feature: DefaultFeature, state: Absent
[06F4:3D40][2026-06-18T09:42:33]i104: Detected package: exe_JustForMe, feature: Shortcuts, state: Absent
[06F4:3D40][2026-06-18T09:42:33]i101: Detected package: exe_JustForMe_pdb, state: Absent, cached: None
[06F4:3D40][2026-06-18T09:42:33]i101: Detected package: exe_JustForMe_d, state: Absent, cached: None
[06F4:3D40][2026-06-18T09:42:33]i101: Detected package: ucrt_AllUsers, state: Absent, cached: None
[06F4:3D40][2026-06-18T09:42:33]i101: Detected package: ucrt_JustForMe, state: Absent, cached: None
[06F4:3D40][2026-06-18T09:42:33]i101: Detected package: dev_AllUsers, state: Absent, cached: None
[06F4:3D40][2026-06-18T09:42:33]i101: Detected package: dev_AllUsers_d, state: Absent, cached: None
[06F4:3D40][2026-06-18T09:42:33]i101: Detected package: dev_JustForMe, state: Absent, cached: None
[06F4:3D40][2026-06-18T09:42:33]i101: Detected package: dev_JustForMe_d, state: Absent, cached: None
[06F4:3D40][2026-06-18T09:42:33]i101: Detected package: lib_AllUsers, state: Absent, cached: None
[06F4:3D40][2026-06-18T09:42:33]i101: Detected package: lib_AllUsers_pdb, state: Absent, cached: None
[06F4:3D40][2026-06-18T09:42:33]i101: Detected package: lib_AllUsers_d, state: Absent, cached: None
[06F4:3D40][2026-06-18T09:42:33]i101: Detected package: lib_JustForMe, state: Absent, cached: None
[06F4:3D40][2026-06-18T09:42:33]i101: Detected package: lib_JustForMe_pdb, state: Absent, cached: None
[06F4:3D40][2026-06-18T09:42:33]i101: Detected package: lib_JustForMe_d, state: Absent, cached: None
[06F4:3D40][2026-06-18T09:42:33]i101: Detected package: freethreaded_AllUsers, state: Absent, cached: None
[06F4:3D40][2026-06-18T09:42:33]i101: Detected package: freethreaded_AllUsers_pdb, state: Absent, cached: None
[06F4:3D40][2026-06-18T09:42:33]i101: Detected package: freethreaded_AllUsers_d, state: Absent, cached: None
[06F4:3D40][2026-06-18T09:42:33]i101: Detected package: freethreaded_JustForMe, state: Absent, cached: None
[06F4:3D40][2026-06-18T09:42:33]i101: Detected package: freethreaded_JustForMe_pdb, state: Absent, cached: None
[06F4:3D40][2026-06-18T09:42:33]i101: Detected package: freethreaded_JustForMe_d, state: Absent, cached: None
[06F4:3D40][2026-06-18T09:42:33]i101: Detected package: test_AllUsers, state: Absent, cached: None
[06F4:3D40][2026-06-18T09:42:33]i101: Detected package: test_AllUsers_pdb, state: Absent, cached: None
[06F4:3D40][2026-06-18T09:42:33]i101: Detected package: test_AllUsers_d, state: Absent, cached: None
[06F4:3D40][2026-06-18T09:42:33]i101: Detected package: test_JustForMe, state: Absent, cached: None
[06F4:3D40][2026-06-18T09:42:33]i101: Detected package: test_JustForMe_pdb, state: Absent, cached: None
[06F4:3D40][2026-06-18T09:42:33]i101: Detected package: test_JustForMe_d, state: Absent, cached: None
[06F4:3D40][2026-06-18T09:42:33]i101: Detected package: doc_AllUsers, state: Absent, cached: None
[06F4:3D40][2026-06-18T09:42:33]i104: Detected package: doc_AllUsers, feature: DefaultFeature, state: Absent
[06F4:3D40][2026-06-18T09:42:33]i104: Detected package: doc_AllUsers, feature: Shortcuts, state: Absent
[06F4:3D40][2026-06-18T09:42:33]i101: Detected package: doc_JustForMe, state: Absent, cached: None
[06F4:3D40][2026-06-18T09:42:33]i104: Detected package: doc_JustForMe, feature: DefaultFeature, state: Absent
[06F4:3D40][2026-06-18T09:42:33]i104: Detected package: doc_JustForMe, feature: Shortcuts, state: Absent
[06F4:3D40][2026-06-18T09:42:33]i101: Detected package: tcltk_AllUsers, state: Absent, cached: None
[06F4:3D40][2026-06-18T09:42:33]i104: Detected package: tcltk_AllUsers, feature: DefaultFeature, state: Absent
[06F4:3D40][2026-06-18T09:42:33]i104: Detected package: tcltk_AllUsers, feature: AssociateFiles, state: Absent
[06F4:3D40][2026-06-18T09:42:33]i104: Detected package: tcltk_AllUsers, feature: Shortcuts, state: Absent
[06F4:3D40][2026-06-18T09:42:33]i101: Detected package: tcltk_AllUsers_pdb, state: Absent, cached: None
[06F4:3D40][2026-06-18T09:42:33]i104: Detected package: tcltk_AllUsers_pdb, feature: Symbols, state: Absent
[06F4:3D40][2026-06-18T09:42:33]i101: Detected package: tcltk_AllUsers_d, state: Absent, cached: None
[06F4:3D40][2026-06-18T09:42:33]i104: Detected package: tcltk_AllUsers_d, feature: DebugBinaries, state: Absent
[06F4:3D40][2026-06-18T09:42:33]i101: Detected package: tcltk_JustForMe, state: Absent, cached: None
[06F4:3D40][2026-06-18T09:42:33]i104: Detected package: tcltk_JustForMe, feature: DefaultFeature, state: Absent
[06F4:3D40][2026-06-18T09:42:33]i104: Detected package: tcltk_JustForMe, feature: AssociateFiles, state: Absent
[06F4:3D40][2026-06-18T09:42:33]i104: Detected package: tcltk_JustForMe, feature: Shortcuts, state: Absent
[06F4:3D40][2026-06-18T09:42:33]i101: Detected package: tcltk_JustForMe_pdb, state: Absent, cached: None
[06F4:3D40][2026-06-18T09:42:33]i104: Detected package: tcltk_JustForMe_pdb, feature: Symbols, state: Absent
[06F4:3D40][2026-06-18T09:42:33]i101: Detected package: tcltk_JustForMe_d, state: Absent, cached: None
[06F4:3D40][2026-06-18T09:42:33]i104: Detected package: tcltk_JustForMe_d, feature: DebugBinaries, state: Absent
[06F4:3D40][2026-06-18T09:42:33]i101: Detected package: launcher_AllUsers, state: Obsolete, cached: None
[06F4:3D40][2026-06-18T09:42:33]i104: Detected package: launcher_AllUsers, feature: DefaultFeature, state: Absent
[06F4:3D40][2026-06-18T09:42:33]i104: Detected package: launcher_AllUsers, feature: AssociateFiles, state: Absent
[06F4:3D40][2026-06-18T09:42:33]i101: Detected package: launcher_JustForMe, state: Obsolete, cached: None
[06F4:3D40][2026-06-18T09:42:33]i104: Detected package: launcher_JustForMe, feature: DefaultFeature, state: Absent
[06F4:3D40][2026-06-18T09:42:33]i104: Detected package: launcher_JustForMe, feature: AssociateFiles, state: Absent
[06F4:3D40][2026-06-18T09:42:33]i101: Detected package: pip_AllUsers, state: Absent, cached: None
[06F4:3D40][2026-06-18T09:42:33]i101: Detected package: pip_JustForMe, state: Absent, cached: None
[06F4:3D40][2026-06-18T09:42:33]i101: Detected package: path_AllUsers, state: Absent, cached: None
[06F4:3D40][2026-06-18T09:42:33]i101: Detected package: path_JustForMe, state: Absent, cached: None
[06F4:3D40][2026-06-18T09:42:33]i101: Detected package: appendpath_AllUsers, state: Absent, cached: None
[06F4:3D40][2026-06-18T09:42:33]i101: Detected package: appendpath_JustForMe, state: Absent, cached: None
[06F4:3D40][2026-06-18T09:42:33]i101: Detected package: compileall_AllUsers, state: Absent, cached: None
[06F4:3D40][2026-06-18T09:42:33]i101: Detected package: compileallO_AllUsers, state: Absent, cached: None
[06F4:3D40][2026-06-18T09:42:33]i101: Detected package: compileallOO_AllUsers, state: Absent, cached: None
[06F4:3D40][2026-06-18T09:42:33]i101: Detected package: compileall_JustForMe, state: Absent, cached: None
[06F4:3D40][2026-06-18T09:42:33]i101: Detected package: compileallO_JustForMe, state: Absent, cached: None
[06F4:3D40][2026-06-18T09:42:33]i101: Detected package: compileallOO_JustForMe, state: Absent, cached: None
[06F4:3D40][2026-06-18T09:42:33]i000: Setting numeric variable 'Include_launcher' to value 0
[06F4:3D40][2026-06-18T09:42:33]i000: Setting numeric variable 'InstallLauncherAllUsers' to value 0
[06F4:3D40][2026-06-18T09:42:33]i000: Setting string variable 'InstallLauncherAllUsersState' to value 'disable'
[06F4:3D40][2026-06-18T09:42:33]i000: Setting string variable 'Include_launcherState' to value 'disable'
[06F4:3D40][2026-06-18T09:42:33]i199: Detect complete, result: 0x0
[06F4:231C][2026-06-18T09:42:33]i000: Setting string variable 'ActionLikeInstalling' to value 'Installing'
[06F4:231C][2026-06-18T09:42:33]i000: Setting string variable 'ActionLikeInstallation' to value 'Setup'
[06F4:3D40][2026-06-18T09:42:33]i200: Plan begin, 58 packages, action: Install
[06F4:3D40][2026-06-18T09:42:33]i052: Condition 'InstallAllUsers and (Include_core or Include_exe or Include_launcher or Include_pip) and not LauncherOnly' evaluates to false.
[06F4:3D40][2026-06-18T09:42:33]i052: Condition 'InstallAllUsers and (Include_core or Include_exe or Include_launcher or Include_pip) and not LauncherOnly' evaluates to false.
[06F4:3D40][2026-06-18T09:42:33]w322: Skipping cross-scope dependency registration on package: core_AllUsers, bundle scope: PerUser, package scope: PerMachine
[06F4:3D40][2026-06-18T09:42:33]i052: Condition 'InstallAllUsers and (Include_core or Include_exe or Include_launcher or Include_pip) and Include_symbols and not LauncherOnly' evaluates to false.
[06F4:3D40][2026-06-18T09:42:33]i052: Condition 'InstallAllUsers and (Include_core or Include_exe or Include_launcher or Include_pip) and Include_symbols and not LauncherOnly' evaluates to false.
[06F4:3D40][2026-06-18T09:42:33]w322: Skipping cross-scope dependency registration on package: core_AllUsers_pdb, bundle scope: PerUser, package scope: PerMachine
[06F4:3D40][2026-06-18T09:42:33]i052: Condition 'InstallAllUsers and (Include_core or Include_exe or Include_launcher or Include_pip) and Include_debug and not LauncherOnly' evaluates to false.
[06F4:3D40][2026-06-18T09:42:33]i052: Condition 'InstallAllUsers and (Include_core or Include_exe or Include_launcher or Include_pip) and Include_debug and not LauncherOnly' evaluates to false.
[06F4:3D40][2026-06-18T09:42:33]w322: Skipping cross-scope dependency registration on package: core_AllUsers_d, bundle scope: PerUser, package scope: PerMachine
[06F4:3D40][2026-06-18T09:42:33]i052: Condition 'not InstallAllUsers and (Include_core or Include_exe or Include_launcher or Include_pip) and not LauncherOnly' evaluates to true.
[06F4:3D40][2026-06-18T09:42:33]i052: Condition 'not InstallAllUsers and (Include_core or Include_exe or Include_launcher or Include_pip) and not LauncherOnly' evaluates to true.
[06F4:3D40][2026-06-18T09:42:33]i000: Setting string variable 'WixBundleRollbackLog_core_JustForMe' to value 'D:\Hazel\Antig\0618am\python_install_000_core_JustForMe_rollback.log'
[06F4:3D40][2026-06-18T09:42:33]i000: Setting string variable 'WixBundleLog_core_JustForMe' to value 'D:\Hazel\Antig\0618am\python_install_000_core_JustForMe.log'
[06F4:3D40][2026-06-18T09:42:33]i052: Condition 'not InstallAllUsers and (Include_core or Include_exe or Include_launcher or Include_pip) and Include_symbols and not LauncherOnly' evaluates to false.
[06F4:3D40][2026-06-18T09:42:33]i052: Condition 'not InstallAllUsers and (Include_core or Include_exe or Include_launcher or Include_pip) and Include_symbols and not LauncherOnly' evaluates to false.
[06F4:3D40][2026-06-18T09:42:33]i052: Condition 'not InstallAllUsers and (Include_core or Include_exe or Include_launcher or Include_pip) and Include_debug and not LauncherOnly' evaluates to false.
[06F4:3D40][2026-06-18T09:42:33]i052: Condition 'not InstallAllUsers and (Include_core or Include_exe or Include_launcher or Include_pip) and Include_debug and not LauncherOnly' evaluates to false.
[06F4:3D40][2026-06-18T09:42:33]i052: Condition 'InstallAllUsers and (Include_exe or Include_launcher or Include_pip) and not LauncherOnly' evaluates to false.
[06F4:3D40][2026-06-18T09:42:33]i052: Condition 'InstallAllUsers and (Include_exe or Include_launcher or Include_pip) and not LauncherOnly' evaluates to false.
[06F4:3D40][2026-06-18T09:42:33]i204: Plan 2 msi features for package: exe_AllUsers
[06F4:3D40][2026-06-18T09:42:33]i203: Planned feature: DefaultFeature, state: Absent, default requested: Unknown, ba requested: Local, execute action: AddLocal, rollback action: Remove
[06F4:3D40][2026-06-18T09:42:33]i203: Planned feature: Shortcuts, state: Absent, default requested: Unknown, ba requested: Local, execute action: AddLocal, rollback action: Remove
[06F4:3D40][2026-06-18T09:42:33]w322: Skipping cross-scope dependency registration on package: exe_AllUsers, bundle scope: PerUser, package scope: PerMachine
[06F4:3D40][2026-06-18T09:42:33]i052: Condition 'InstallAllUsers and (Include_exe or Include_launcher or Include_pip) and Include_symbols and not LauncherOnly' evaluates to false.
[06F4:3D40][2026-06-18T09:42:33]i052: Condition 'InstallAllUsers and (Include_exe or Include_launcher or Include_pip) and Include_symbols and not LauncherOnly' evaluates to false.
[06F4:3D40][2026-06-18T09:42:33]w322: Skipping cross-scope dependency registration on package: exe_AllUsers_pdb, bundle scope: PerUser, package scope: PerMachine
[06F4:3D40][2026-06-18T09:42:33]i052: Condition 'InstallAllUsers and (Include_exe or Include_launcher or Include_pip) and Include_debug and not LauncherOnly' evaluates to false.
[06F4:3D40][2026-06-18T09:42:33]i052: Condition 'InstallAllUsers and (Include_exe or Include_launcher or Include_pip) and Include_debug and not LauncherOnly' evaluates to false.
[06F4:3D40][2026-06-18T09:42:33]w322: Skipping cross-scope dependency registration on package: exe_AllUsers_d, bundle scope: PerUser, package scope: PerMachine
[06F4:3D40][2026-06-18T09:42:33]i052: Condition 'not InstallAllUsers and (Include_exe or Include_launcher or Include_pip) and not LauncherOnly' evaluates to true.
[06F4:3D40][2026-06-18T09:42:33]i052: Condition 'not InstallAllUsers and (Include_exe or Include_launcher or Include_pip) and not LauncherOnly' evaluates to true.
[06F4:3D40][2026-06-18T09:42:33]i204: Plan 2 msi features for package: exe_JustForMe
[06F4:3D40][2026-06-18T09:42:33]i203: Planned feature: DefaultFeature, state: Absent, default requested: Unknown, ba requested: Local, execute action: AddLocal, rollback action: Remove
[06F4:3D40][2026-06-18T09:42:33]i203: Planned feature: Shortcuts, state: Absent, default requested: Unknown, ba requested: Local, execute action: AddLocal, rollback action: Remove
[06F4:3D40][2026-06-18T09:42:33]i000: Setting string variable 'WixBundleRollbackLog_exe_JustForMe' to value 'D:\Hazel\Antig\0618am\python_install_001_exe_JustForMe_rollback.log'
[06F4:3D40][2026-06-18T09:42:33]i000: Setting string variable 'WixBundleLog_exe_JustForMe' to value 'D:\Hazel\Antig\0618am\python_install_001_exe_JustForMe.log'
[06F4:3D40][2026-06-18T09:42:33]i052: Condition 'not InstallAllUsers and (Include_exe or Include_launcher or Include_pip) and Include_symbols and not LauncherOnly' evaluates to false.
[06F4:3D40][2026-06-18T09:42:33]i052: Condition 'not InstallAllUsers and (Include_exe or Include_launcher or Include_pip) and Include_symbols and not LauncherOnly' evaluates to false.
[06F4:3D40][2026-06-18T09:42:33]i052: Condition 'not InstallAllUsers and (Include_exe or Include_launcher or Include_pip) and Include_debug and not LauncherOnly' evaluates to false.
[06F4:3D40][2026-06-18T09:42:33]i052: Condition 'not InstallAllUsers and (Include_exe or Include_launcher or Include_pip) and Include_debug and not LauncherOnly' evaluates to false.
[06F4:3D40][2026-06-18T09:42:33]i052: Condition 'InstallAllUsers and not CRTInstalled and (Include_core or Include_exe or Include_pip) and not LauncherOnly' evaluates to false.
[06F4:3D40][2026-06-18T09:42:33]i052: Condition 'InstallAllUsers and not CRTInstalled and (Include_core or Include_exe or Include_pip) and not LauncherOnly' evaluates to false.
[06F4:3D40][2026-06-18T09:42:33]w322: Skipping cross-scope dependency registration on package: ucrt_AllUsers, bundle scope: PerUser, package scope: PerMachine
[06F4:3D40][2026-06-18T09:42:33]i052: Condition 'not InstallAllUsers and not CRTInstalled and (Include_core or Include_exe or Include_pip) and not LauncherOnly' evaluates to false.
[06F4:3D40][2026-06-18T09:42:33]i052: Condition 'not InstallAllUsers and not CRTInstalled and (Include_core or Include_exe or Include_pip) and not LauncherOnly' evaluates to false.
[06F4:3D40][2026-06-18T09:42:33]i052: Condition 'InstallAllUsers and Include_dev and not LauncherOnly' evaluates to false.
[06F4:3D40][2026-06-18T09:42:33]i052: Condition 'InstallAllUsers and Include_dev and not LauncherOnly' evaluates to false.
[06F4:3D40][2026-06-18T09:42:33]w322: Skipping cross-scope dependency registration on package: dev_AllUsers, bundle scope: PerUser, package scope: PerMachine
[06F4:3D40][2026-06-18T09:42:33]i052: Condition 'InstallAllUsers and Include_dev and Include_debug and not LauncherOnly' evaluates to false.
[06F4:3D40][2026-06-18T09:42:33]i052: Condition 'InstallAllUsers and Include_dev and Include_debug and not LauncherOnly' evaluates to false.
[06F4:3D40][2026-06-18T09:42:33]w322: Skipping cross-scope dependency registration on package: dev_AllUsers_d, bundle scope: PerUser, package scope: PerMachine
[06F4:3D40][2026-06-18T09:42:33]i052: Condition 'not InstallAllUsers and Include_dev and not LauncherOnly' evaluates to true.
[06F4:3D40][2026-06-18T09:42:33]i052: Condition 'not InstallAllUsers and Include_dev and not LauncherOnly' evaluates to true.
[06F4:3D40][2026-06-18T09:42:33]i000: Setting string variable 'WixBundleRollbackLog_dev_JustForMe' to value 'D:\Hazel\Antig\0618am\python_install_002_dev_JustForMe_rollback.log'
[06F4:3D40][2026-06-18T09:42:33]i000: Setting string variable 'WixBundleLog_dev_JustForMe' to value 'D:\Hazel\Antig\0618am\python_install_002_dev_JustForMe.log'
[06F4:3D40][2026-06-18T09:42:33]i052: Condition 'not InstallAllUsers and Include_dev and Include_debug and not LauncherOnly' evaluates to false.
[06F4:3D40][2026-06-18T09:42:33]i052: Condition 'not InstallAllUsers and Include_dev and Include_debug and not LauncherOnly' evaluates to false.
[06F4:3D40][2026-06-18T09:42:33]i052: Condition 'InstallAllUsers and Include_lib and not LauncherOnly' evaluates to false.
[06F4:3D40][2026-06-18T09:42:33]i052: Condition 'InstallAllUsers and Include_lib and not LauncherOnly' evaluates to false.
[06F4:3D40][2026-06-18T09:42:33]w322: Skipping cross-scope dependency registration on package: lib_AllUsers, bundle scope: PerUser, package scope: PerMachine
[06F4:3D40][2026-06-18T09:42:33]i052: Condition 'InstallAllUsers and Include_lib and Include_symbols and not LauncherOnly' evaluates to false.
[06F4:3D40][2026-06-18T09:42:33]i052: Condition 'InstallAllUsers and Include_lib and Include_symbols and not LauncherOnly' evaluates to false.
[06F4:3D40][2026-06-18T09:42:33]w322: Skipping cross-scope dependency registration on package: lib_AllUsers_pdb, bundle scope: PerUser, package scope: PerMachine
[06F4:3D40][2026-06-18T09:42:33]i052: Condition 'InstallAllUsers and Include_lib and Include_debug and not LauncherOnly' evaluates to false.
[06F4:3D40][2026-06-18T09:42:33]i052: Condition 'InstallAllUsers and Include_lib and Include_debug and not LauncherOnly' evaluates to false.
[06F4:3D40][2026-06-18T09:42:33]w322: Skipping cross-scope dependency registration on package: lib_AllUsers_d, bundle scope: PerUser, package scope: PerMachine
[06F4:3D40][2026-06-18T09:42:33]i052: Condition 'not InstallAllUsers and Include_lib and not LauncherOnly' evaluates to true.
[06F4:3D40][2026-06-18T09:42:33]i052: Condition 'not InstallAllUsers and Include_lib and not LauncherOnly' evaluates to true.
[06F4:3D40][2026-06-18T09:42:33]i000: Setting string variable 'WixBundleRollbackLog_lib_JustForMe' to value 'D:\Hazel\Antig\0618am\python_install_003_lib_JustForMe_rollback.log'
[06F4:3D40][2026-06-18T09:42:33]i000: Setting string variable 'WixBundleLog_lib_JustForMe' to value 'D:\Hazel\Antig\0618am\python_install_003_lib_JustForMe.log'
[06F4:3D40][2026-06-18T09:42:33]i052: Condition 'not InstallAllUsers and Include_lib and Include_symbols and not LauncherOnly' evaluates to false.
[06F4:3D40][2026-06-18T09:42:33]i052: Condition 'not InstallAllUsers and Include_lib and Include_symbols and not LauncherOnly' evaluates to false.
[06F4:3D40][2026-06-18T09:42:33]i052: Condition 'not InstallAllUsers and Include_lib and Include_debug and not LauncherOnly' evaluates to false.
[06F4:3D40][2026-06-18T09:42:33]i052: Condition 'not InstallAllUsers and Include_lib and Include_debug and not LauncherOnly' evaluates to false.
[06F4:3D40][2026-06-18T09:42:33]i052: Condition 'InstallAllUsers and (Include_freethreaded) and not LauncherOnly' evaluates to false.
[06F4:3D40][2026-06-18T09:42:33]i052: Condition 'InstallAllUsers and (Include_freethreaded) and not LauncherOnly' evaluates to false.
[06F4:3D40][2026-06-18T09:42:33]w322: Skipping cross-scope dependency registration on package: freethreaded_AllUsers, bundle scope: PerUser, package scope: PerMachine
[06F4:3D40][2026-06-18T09:42:33]i052: Condition 'InstallAllUsers and (Include_freethreaded) and Include_symbols and not LauncherOnly' evaluates to false.
[06F4:3D40][2026-06-18T09:42:33]i052: Condition 'InstallAllUsers and (Include_freethreaded) and Include_symbols and not LauncherOnly' evaluates to false.
[06F4:3D40][2026-06-18T09:42:33]w322: Skipping cross-scope dependency registration on package: freethreaded_AllUsers_pdb, bundle scope: PerUser, package scope: PerMachine
[06F4:3D40][2026-06-18T09:42:33]i052: Condition 'InstallAllUsers and (Include_freethreaded) and Include_debug and not LauncherOnly' evaluates to false.
[06F4:3D40][2026-06-18T09:42:33]i052: Condition 'InstallAllUsers and (Include_freethreaded) and Include_debug and not LauncherOnly' evaluates to false.
[06F4:3D40][2026-06-18T09:42:33]w322: Skipping cross-scope dependency registration on package: freethreaded_AllUsers_d, bundle scope: PerUser, package scope: PerMachine
[06F4:3D40][2026-06-18T09:42:33]i052: Condition 'not InstallAllUsers and (Include_freethreaded) and not LauncherOnly' evaluates to false.
[06F4:3D40][2026-06-18T09:42:33]i052: Condition 'not InstallAllUsers and (Include_freethreaded) and not LauncherOnly' evaluates to false.
[06F4:3D40][2026-06-18T09:42:33]i052: Condition 'not InstallAllUsers and (Include_freethreaded) and Include_symbols and not LauncherOnly' evaluates to false.
[06F4:3D40][2026-06-18T09:42:33]i052: Condition 'not InstallAllUsers and (Include_freethreaded) and Include_symbols and not LauncherOnly' evaluates to false.
[06F4:3D40][2026-06-18T09:42:33]i052: Condition 'not InstallAllUsers and (Include_freethreaded) and Include_debug and not LauncherOnly' evaluates to false.
[06F4:3D40][2026-06-18T09:42:33]i052: Condition 'not InstallAllUsers and (Include_freethreaded) and Include_debug and not LauncherOnly' evaluates to false.
[06F4:3D40][2026-06-18T09:42:33]i052: Condition 'InstallAllUsers and Include_test and not LauncherOnly' evaluates to false.
[06F4:3D40][2026-06-18T09:42:33]i052: Condition 'InstallAllUsers and Include_test and not LauncherOnly' evaluates to false.
[06F4:3D40][2026-06-18T09:42:33]w322: Skipping cross-scope dependency registration on package: test_AllUsers, bundle scope: PerUser, package scope: PerMachine
[06F4:3D40][2026-06-18T09:42:33]i052: Condition 'InstallAllUsers and Include_test and Include_symbols and not LauncherOnly' evaluates to false.
[06F4:3D40][2026-06-18T09:42:33]i052: Condition 'InstallAllUsers and Include_test and Include_symbols and not LauncherOnly' evaluates to false.
[06F4:3D40][2026-06-18T09:42:33]w322: Skipping cross-scope dependency registration on package: test_AllUsers_pdb, bundle scope: PerUser, package scope: PerMachine
[06F4:3D40][2026-06-18T09:42:33]i052: Condition 'InstallAllUsers and Include_test and Include_debug and not LauncherOnly' evaluates to false.
[06F4:3D40][2026-06-18T09:42:33]i052: Condition 'InstallAllUsers and Include_test and Include_debug and not LauncherOnly' evaluates to false.
[06F4:3D40][2026-06-18T09:42:33]w322: Skipping cross-scope dependency registration on package: test_AllUsers_d, bundle scope: PerUser, package scope: PerMachine
[06F4:3D40][2026-06-18T09:42:33]i052: Condition 'not InstallAllUsers and Include_test and not LauncherOnly' evaluates to false.
[06F4:3D40][2026-06-18T09:42:33]i052: Condition 'not InstallAllUsers and Include_test and not LauncherOnly' evaluates to false.
[06F4:3D40][2026-06-18T09:42:33]i052: Condition 'not InstallAllUsers and Include_test and Include_symbols and not LauncherOnly' evaluates to false.
[06F4:3D40][2026-06-18T09:42:33]i052: Condition 'not InstallAllUsers and Include_test and Include_symbols and not LauncherOnly' evaluates to false.
[06F4:3D40][2026-06-18T09:42:33]i052: Condition 'not InstallAllUsers and Include_test and Include_debug and not LauncherOnly' evaluates to false.
[06F4:3D40][2026-06-18T09:42:33]i052: Condition 'not InstallAllUsers and Include_test and Include_debug and not LauncherOnly' evaluates to false.
[06F4:3D40][2026-06-18T09:42:33]i052: Condition 'InstallAllUsers and Include_doc and not LauncherOnly' evaluates to false.
[06F4:3D40][2026-06-18T09:42:33]i052: Condition 'InstallAllUsers and Include_doc and not LauncherOnly' evaluates to false.
[06F4:3D40][2026-06-18T09:42:33]i204: Plan 2 msi features for package: doc_AllUsers
[06F4:3D40][2026-06-18T09:42:33]i203: Planned feature: DefaultFeature, state: Absent, default requested: Unknown, ba requested: Local, execute action: AddLocal, rollback action: Remove
[06F4:3D40][2026-06-18T09:42:33]i203: Planned feature: Shortcuts, state: Absent, default requested: Unknown, ba requested: Local, execute action: AddLocal, rollback action: Remove
[06F4:3D40][2026-06-18T09:42:33]w322: Skipping cross-scope dependency registration on package: doc_AllUsers, bundle scope: PerUser, package scope: PerMachine
[06F4:3D40][2026-06-18T09:42:33]i052: Condition 'not InstallAllUsers and Include_doc and not LauncherOnly' evaluates to true.
[06F4:3D40][2026-06-18T09:42:33]i052: Condition 'not InstallAllUsers and Include_doc and not LauncherOnly' evaluates to true.
[06F4:3D40][2026-06-18T09:42:33]i204: Plan 2 msi features for package: doc_JustForMe
[06F4:3D40][2026-06-18T09:42:33]i203: Planned feature: DefaultFeature, state: Absent, default requested: Unknown, ba requested: Local, execute action: AddLocal, rollback action: Remove
[06F4:3D40][2026-06-18T09:42:33]i203: Planned feature: Shortcuts, state: Absent, default requested: Unknown, ba requested: Local, execute action: AddLocal, rollback action: Remove
[06F4:3D40][2026-06-18T09:42:33]i000: Setting string variable 'WixBundleRollbackLog_doc_JustForMe' to value 'D:\Hazel\Antig\0618am\python_install_004_doc_JustForMe_rollback.log'
[06F4:3D40][2026-06-18T09:42:33]i000: Setting string variable 'WixBundleLog_doc_JustForMe' to value 'D:\Hazel\Antig\0618am\python_install_004_doc_JustForMe.log'
[06F4:3D40][2026-06-18T09:42:33]i052: Condition 'InstallAllUsers and Include_tcltk and not LauncherOnly' evaluates to false.
[06F4:3D40][2026-06-18T09:42:33]i052: Condition 'InstallAllUsers and Include_tcltk and not LauncherOnly' evaluates to false.
[06F4:3D40][2026-06-18T09:42:33]i204: Plan 3 msi features for package: tcltk_AllUsers
[06F4:3D40][2026-06-18T09:42:33]i203: Planned feature: DefaultFeature, state: Absent, default requested: Unknown, ba requested: Local, execute action: AddLocal, rollback action: Remove
[06F4:3D40][2026-06-18T09:42:33]i203: Planned feature: AssociateFiles, state: Absent, default requested: Unknown, ba requested: Local, execute action: AddLocal, rollback action: Remove
[06F4:3D40][2026-06-18T09:42:33]i203: Planned feature: Shortcuts, state: Absent, default requested: Unknown, ba requested: Local, execute action: AddLocal, rollback action: Remove
[06F4:3D40][2026-06-18T09:42:33]w322: Skipping cross-scope dependency registration on package: tcltk_AllUsers, bundle scope: PerUser, package scope: PerMachine
[06F4:3D40][2026-06-18T09:42:33]i052: Condition 'InstallAllUsers and Include_tcltk and Include_symbols and not LauncherOnly' evaluates to false.
[06F4:3D40][2026-06-18T09:42:33]i052: Condition 'InstallAllUsers and Include_tcltk and Include_symbols and not LauncherOnly' evaluates to false.
[06F4:3D40][2026-06-18T09:42:33]i204: Plan 1 msi features for package: tcltk_AllUsers_pdb
[06F4:3D40][2026-06-18T09:42:33]i203: Planned feature: Symbols, state: Absent, default requested: Unknown, ba requested: Local, execute action: AddLocal, rollback action: Remove
[06F4:3D40][2026-06-18T09:42:33]w322: Skipping cross-scope dependency registration on package: tcltk_AllUsers_pdb, bundle scope: PerUser, package scope: PerMachine
[06F4:3D40][2026-06-18T09:42:33]i052: Condition 'InstallAllUsers and Include_tcltk and Include_debug and not LauncherOnly' evaluates to false.
[06F4:3D40][2026-06-18T09:42:33]i052: Condition 'InstallAllUsers and Include_tcltk and Include_debug and not LauncherOnly' evaluates to false.
[06F4:3D40][2026-06-18T09:42:33]i204: Plan 1 msi features for package: tcltk_AllUsers_d
[06F4:3D40][2026-06-18T09:42:33]i203: Planned feature: DebugBinaries, state: Absent, default requested: Unknown, ba requested: Local, execute action: AddLocal, rollback action: Remove
[06F4:3D40][2026-06-18T09:42:33]w322: Skipping cross-scope dependency registration on package: tcltk_AllUsers_d, bundle scope: PerUser, package scope: PerMachine
[06F4:3D40][2026-06-18T09:42:33]i052: Condition 'not InstallAllUsers and Include_tcltk and not LauncherOnly' evaluates to true.
[06F4:3D40][2026-06-18T09:42:33]i052: Condition 'not InstallAllUsers and Include_tcltk and not LauncherOnly' evaluates to true.
[06F4:3D40][2026-06-18T09:42:33]i204: Plan 3 msi features for package: tcltk_JustForMe
[06F4:3D40][2026-06-18T09:42:33]i203: Planned feature: DefaultFeature, state: Absent, default requested: Unknown, ba requested: Local, execute action: AddLocal, rollback action: Remove
[06F4:3D40][2026-06-18T09:42:33]i203: Planned feature: AssociateFiles, state: Absent, default requested: Unknown, ba requested: Local, execute action: AddLocal, rollback action: Remove
[06F4:3D40][2026-06-18T09:42:33]i203: Planned feature: Shortcuts, state: Absent, default requested: Unknown, ba requested: Local, execute action: AddLocal, rollback action: Remove
[06F4:3D40][2026-06-18T09:42:33]i000: Setting string variable 'WixBundleRollbackLog_tcltk_JustForMe' to value 'D:\Hazel\Antig\0618am\python_install_005_tcltk_JustForMe_rollback.log'
[06F4:3D40][2026-06-18T09:42:33]i000: Setting string variable 'WixBundleLog_tcltk_JustForMe' to value 'D:\Hazel\Antig\0618am\python_install_005_tcltk_JustForMe.log'
[06F4:3D40][2026-06-18T09:42:33]i052: Condition 'not InstallAllUsers and Include_tcltk and Include_symbols and not LauncherOnly' evaluates to false.
[06F4:3D40][2026-06-18T09:42:33]i052: Condition 'not InstallAllUsers and Include_tcltk and Include_symbols and not LauncherOnly' evaluates to false.
[06F4:3D40][2026-06-18T09:42:33]i204: Plan 1 msi features for package: tcltk_JustForMe_pdb
[06F4:3D40][2026-06-18T09:42:33]i203: Planned feature: Symbols, state: Absent, default requested: Unknown, ba requested: Local, execute action: AddLocal, rollback action: Remove
[06F4:3D40][2026-06-18T09:42:33]i052: Condition 'not InstallAllUsers and Include_tcltk and Include_debug and not LauncherOnly' evaluates to false.
[06F4:3D40][2026-06-18T09:42:33]i052: Condition 'not InstallAllUsers and Include_tcltk and Include_debug and not LauncherOnly' evaluates to false.
[06F4:3D40][2026-06-18T09:42:33]i204: Plan 1 msi features for package: tcltk_JustForMe_d
[06F4:3D40][2026-06-18T09:42:33]i203: Planned feature: DebugBinaries, state: Absent, default requested: Unknown, ba requested: Local, execute action: AddLocal, rollback action: Remove
[06F4:3D40][2026-06-18T09:42:33]i052: Condition '(InstallAllUsers or InstallLauncherAllUsers) and Include_launcher and not BlockedLauncher' evaluates to false.
[06F4:3D40][2026-06-18T09:42:33]w322: Skipping cross-scope dependency registration on package: launcher_AllUsers, bundle scope: PerUser, package scope: PerMachine
[06F4:3D40][2026-06-18T09:42:33]i052: Condition 'not (InstallAllUsers or InstallLauncherAllUsers) and Include_launcher and not BlockedLauncher' evaluates to false.
[06F4:3D40][2026-06-18T09:42:33]i052: Condition 'InstallAllUsers and Include_pip and not LauncherOnly' evaluates to false.
[06F4:3D40][2026-06-18T09:42:33]i052: Condition 'InstallAllUsers and Include_pip and not LauncherOnly' evaluates to false.
[06F4:3D40][2026-06-18T09:42:33]w322: Skipping cross-scope dependency registration on package: pip_AllUsers, bundle scope: PerUser, package scope: PerMachine
[06F4:3D40][2026-06-18T09:42:33]i052: Condition 'not InstallAllUsers and Include_pip and not LauncherOnly' evaluates to true.
[06F4:3D40][2026-06-18T09:42:33]i052: Condition 'not InstallAllUsers and Include_pip and not LauncherOnly' evaluates to true.
[06F4:3D40][2026-06-18T09:42:33]i000: Setting string variable 'WixBundleRollbackLog_pip_JustForMe' to value 'D:\Hazel\Antig\0618am\python_install_006_pip_JustForMe_rollback.log'
[06F4:3D40][2026-06-18T09:42:33]i000: Setting string variable 'WixBundleLog_pip_JustForMe' to value 'D:\Hazel\Antig\0618am\python_install_006_pip_JustForMe.log'
[06F4:3D40][2026-06-18T09:42:33]i052: Condition 'InstallAllUsers and PrependPath and not LauncherOnly' evaluates to false.
[06F4:3D40][2026-06-18T09:42:33]i052: Condition 'InstallAllUsers and PrependPath and not LauncherOnly' evaluates to false.
[06F4:3D40][2026-06-18T09:42:33]w322: Skipping cross-scope dependency registration on package: path_AllUsers, bundle scope: PerUser, package scope: PerMachine
[06F4:3D40][2026-06-18T09:42:33]i052: Condition 'not InstallAllUsers and PrependPath and not LauncherOnly' evaluates to true.
[06F4:3D40][2026-06-18T09:42:33]i052: Condition 'not InstallAllUsers and PrependPath and not LauncherOnly' evaluates to true.
[06F4:3D40][2026-06-18T09:42:33]i000: Setting string variable 'WixBundleRollbackLog_path_JustForMe' to value 'D:\Hazel\Antig\0618am\python_install_007_path_JustForMe_rollback.log'
[06F4:3D40][2026-06-18T09:42:33]i000: Setting string variable 'WixBundleLog_path_JustForMe' to value 'D:\Hazel\Antig\0618am\python_install_007_path_JustForMe.log'
[06F4:3D40][2026-06-18T09:42:33]i052: Condition 'InstallAllUsers and AppendPath and not LauncherOnly' evaluates to false.
[06F4:3D40][2026-06-18T09:42:33]i052: Condition 'InstallAllUsers and AppendPath and not LauncherOnly' evaluates to false.
[06F4:3D40][2026-06-18T09:42:33]w322: Skipping cross-scope dependency registration on package: appendpath_AllUsers, bundle scope: PerUser, package scope: PerMachine
[06F4:3D40][2026-06-18T09:42:33]i052: Condition 'not InstallAllUsers and AppendPath and not LauncherOnly' evaluates to false.
[06F4:3D40][2026-06-18T09:42:33]i052: Condition 'not InstallAllUsers and AppendPath and not LauncherOnly' evaluates to false.
[06F4:3D40][2026-06-18T09:42:33]i052: Condition 'InstallAllUsers and CompileAll and not LauncherOnly' evaluates to false.
[06F4:3D40][2026-06-18T09:42:33]i052: Condition 'InstallAllUsers and CompileAll and not LauncherOnly' evaluates to false.
[06F4:3D40][2026-06-18T09:42:33]w321: Skipping dependency registration on package with no dependency providers: compileall_AllUsers
[06F4:3D40][2026-06-18T09:42:33]i052: Condition 'InstallAllUsers and CompileAll and not LauncherOnly' evaluates to false.
[06F4:3D40][2026-06-18T09:42:33]i052: Condition 'InstallAllUsers and CompileAll and not LauncherOnly' evaluates to false.
[06F4:3D40][2026-06-18T09:42:33]w321: Skipping dependency registration on package with no dependency providers: compileallO_AllUsers
[06F4:3D40][2026-06-18T09:42:33]i052: Condition 'InstallAllUsers and CompileAll and not LauncherOnly' evaluates to false.
[06F4:3D40][2026-06-18T09:42:33]i052: Condition 'InstallAllUsers and CompileAll and not LauncherOnly' evaluates to false.
[06F4:3D40][2026-06-18T09:42:33]w321: Skipping dependency registration on package with no dependency providers: compileallOO_AllUsers
[06F4:3D40][2026-06-18T09:42:33]i052: Condition 'not InstallAllUsers and CompileAll and not LauncherOnly' evaluates to false.
[06F4:3D40][2026-06-18T09:42:33]i052: Condition 'not InstallAllUsers and CompileAll and not LauncherOnly' evaluates to false.
[06F4:3D40][2026-06-18T09:42:33]w321: Skipping dependency registration on package with no dependency providers: compileall_JustForMe
[06F4:3D40][2026-06-18T09:42:33]i052: Condition 'not InstallAllUsers and CompileAll and not LauncherOnly' evaluates to false.
[06F4:3D40][2026-06-18T09:42:33]i052: Condition 'not InstallAllUsers and CompileAll and not LauncherOnly' evaluates to false.
[06F4:3D40][2026-06-18T09:42:33]w321: Skipping dependency registration on package with no dependency providers: compileallO_JustForMe
[06F4:3D40][2026-06-18T09:42:33]i052: Condition 'not InstallAllUsers and CompileAll and not LauncherOnly' evaluates to false.
[06F4:3D40][2026-06-18T09:42:33]i052: Condition 'not InstallAllUsers and CompileAll and not LauncherOnly' evaluates to false.
[06F4:3D40][2026-06-18T09:42:33]w321: Skipping dependency registration on package with no dependency providers: compileallOO_JustForMe
[06F4:3D40][2026-06-18T09:42:33]i201: Planned package: core_AllUsers, state: Absent, default requested: Absent, ba requested: Absent, execute: None, rollback: None, cache: No, uncache: No, dependency: None
[06F4:3D40][2026-06-18T09:42:33]i201: Planned package: core_AllUsers_pdb, state: Absent, default requested: Absent, ba requested: Absent, execute: None, rollback: None, cache: No, uncache: No, dependency: None
[06F4:3D40][2026-06-18T09:42:33]i201: Planned package: core_AllUsers_d, state: Absent, default requested: Absent, ba requested: Absent, execute: None, rollback: None, cache: No, uncache: No, dependency: None
[06F4:3D40][2026-06-18T09:42:33]i201: Planned package: core_JustForMe, state: Absent, default requested: Present, ba requested: Present, execute: Install, rollback: Uninstall, cache: Yes, uncache: No, dependency: Register
[06F4:3D40][2026-06-18T09:42:33]i201: Planned package: core_JustForMe_pdb, state: Absent, default requested: Absent, ba requested: Absent, execute: None, rollback: None, cache: No, uncache: No, dependency: None
[06F4:3D40][2026-06-18T09:42:33]i201: Planned package: core_JustForMe_d, state: Absent, default requested: Absent, ba requested: Absent, execute: None, rollback: None, cache: No, uncache: No, dependency: None
[06F4:3D40][2026-06-18T09:42:33]i201: Planned package: exe_AllUsers, state: Absent, default requested: Absent, ba requested: Absent, execute: None, rollback: None, cache: No, uncache: No, dependency: None
[06F4:3D40][2026-06-18T09:42:33]i201: Planned package: exe_AllUsers_pdb, state: Absent, default requested: Absent, ba requested: Absent, execute: None, rollback: None, cache: No, uncache: No, dependency: None
[06F4:3D40][2026-06-18T09:42:33]i201: Planned package: exe_AllUsers_d, state: Absent, default requested: Absent, ba requested: Absent, execute: None, rollback: None, cache: No, uncache: No, dependency: None
[06F4:3D40][2026-06-18T09:42:33]i201: Planned package: exe_JustForMe, state: Absent, default requested: Present, ba requested: Present, execute: Install, rollback: Uninstall, cache: Yes, uncache: No, dependency: Register
[06F4:3D40][2026-06-18T09:42:33]i201: Planned package: exe_JustForMe_pdb, state: Absent, default requested: Absent, ba requested: Absent, execute: None, rollback: None, cache: No, uncache: No, dependency: None
[06F4:3D40][2026-06-18T09:42:33]i201: Planned package: exe_JustForMe_d, state: Absent, default requested: Absent, ba requested: Absent, execute: None, rollback: None, cache: No, uncache: No, dependency: None
[06F4:3D40][2026-06-18T09:42:33]i201: Planned package: ucrt_AllUsers, state: Absent, default requested: Absent, ba requested: Absent, execute: None, rollback: None, cache: No, uncache: No, dependency: None
[06F4:3D40][2026-06-18T09:42:33]i201: Planned package: ucrt_JustForMe, state: Absent, default requested: Absent, ba requested: Absent, execute: None, rollback: None, cache: No, uncache: No, dependency: None
[06F4:3D40][2026-06-18T09:42:33]i201: Planned package: dev_AllUsers, state: Absent, default requested: Absent, ba requested: Absent, execute: None, rollback: None, cache: No, uncache: No, dependency: None
[06F4:3D40][2026-06-18T09:42:33]i201: Planned package: dev_AllUsers_d, state: Absent, default requested: Absent, ba requested: Absent, execute: None, rollback: None, cache: No, uncache: No, dependency: None
[06F4:3D40][2026-06-18T09:42:33]i201: Planned package: dev_JustForMe, state: Absent, default requested: Present, ba requested: Present, execute: Install, rollback: Uninstall, cache: Yes, uncache: No, dependency: Register
[06F4:3D40][2026-06-18T09:42:33]i201: Planned package: dev_JustForMe_d, state: Absent, default requested: Absent, ba requested: Absent, execute: None, rollback: None, cache: No, uncache: No, dependency: None
[06F4:3D40][2026-06-18T09:42:33]i201: Planned package: lib_AllUsers, state: Absent, default requested: Absent, ba requested: Absent, execute: None, rollback: None, cache: No, uncache: No, dependency: None
[06F4:3D40][2026-06-18T09:42:33]i201: Planned package: lib_AllUsers_pdb, state: Absent, default requested: Absent, ba requested: Absent, execute: None, rollback: None, cache: No, uncache: No, dependency: None
[06F4:3D40][2026-06-18T09:42:33]i201: Planned package: lib_AllUsers_d, state: Absent, default requested: Absent, ba requested: Absent, execute: None, rollback: None, cache: No, uncache: No, dependency: None
[06F4:3D40][2026-06-18T09:42:33]i201: Planned package: lib_JustForMe, state: Absent, default requested: Present, ba requested: Present, execute: Install, rollback: Uninstall, cache: Yes, uncache: No, dependency: Register
[06F4:3D40][2026-06-18T09:42:33]i201: Planned package: lib_JustForMe_pdb, state: Absent, default requested: Absent, ba requested: Absent, execute: None, rollback: None, cache: No, uncache: No, dependency: None
[06F4:3D40][2026-06-18T09:42:33]i201: Planned package: lib_JustForMe_d, state: Absent, default requested: Absent, ba requested: Absent, execute: None, rollback: None, cache: No, uncache: No, dependency: None
[06F4:3D40][2026-06-18T09:42:33]i201: Planned package: freethreaded_AllUsers, state: Absent, default requested: Absent, ba requested: Absent, execute: None, rollback: None, cache: No, uncache: No, dependency: None
[06F4:3D40][2026-06-18T09:42:33]i201: Planned package: freethreaded_AllUsers_pdb, state: Absent, default requested: Absent, ba requested: Absent, execute: None, rollback: None, cache: No, uncache: No, dependency: None
[06F4:3D40][2026-06-18T09:42:33]i201: Planned package: freethreaded_AllUsers_d, state: Absent, default requested: Absent, ba requested: Absent, execute: None, rollback: None, cache: No, uncache: No, dependency: None
[06F4:3D40][2026-06-18T09:42:33]i201: Planned package: freethreaded_JustForMe, state: Absent, default requested: Absent, ba requested: Absent, execute: None, rollback: None, cache: No, uncache: No, dependency: None
[06F4:3D40][2026-06-18T09:42:33]i201: Planned package: freethreaded_JustForMe_pdb, state: Absent, default requested: Absent, ba requested: Absent, execute: None, rollback: None, cache: No, uncache: No, dependency: None
[06F4:3D40][2026-06-18T09:42:33]i201: Planned package: freethreaded_JustForMe_d, state: Absent, default requested: Absent, ba requested: Absent, execute: None, rollback: None, cache: No, uncache: No, dependency: None
[06F4:3D40][2026-06-18T09:42:33]i201: Planned package: test_AllUsers, state: Absent, default requested: Absent, ba requested: Absent, execute: None, rollback: None, cache: No, uncache: No, dependency: None
[06F4:3D40][2026-06-18T09:42:33]i201: Planned package: test_AllUsers_pdb, state: Absent, default requested: Absent, ba requested: Absent, execute: None, rollback: None, cache: No, uncache: No, dependency: None
[06F4:3D40][2026-06-18T09:42:33]i201: Planned package: test_AllUsers_d, state: Absent, default requested: Absent, ba requested: Absent, execute: None, rollback: None, cache: No, uncache: No, dependency: None
[06F4:3D40][2026-06-18T09:42:33]i201: Planned package: test_JustForMe, state: Absent, default requested: Absent, ba requested: Absent, execute: None, rollback: None, cache: No, uncache: No, dependency: None
[06F4:3D40][2026-06-18T09:42:33]i201: Planned package: test_JustForMe_pdb, state: Absent, default requested: Absent, ba requested: Absent, execute: None, rollback: None, cache: No, uncache: No, dependency: None
[06F4:3D40][2026-06-18T09:42:33]i201: Planned package: test_JustForMe_d, state: Absent, default requested: Absent, ba requested: Absent, execute: None, rollback: None, cache: No, uncache: No, dependency: None
[06F4:3D40][2026-06-18T09:42:33]i201: Planned package: doc_AllUsers, state: Absent, default requested: Absent, ba requested: Absent, execute: None, rollback: None, cache: No, uncache: No, dependency: None
[06F4:3D40][2026-06-18T09:42:33]i201: Planned package: doc_JustForMe, state: Absent, default requested: Present, ba requested: Present, execute: Install, rollback: Uninstall, cache: Yes, uncache: No, dependency: Register
[06F4:3D40][2026-06-18T09:42:33]i201: Planned package: tcltk_AllUsers, state: Absent, default requested: Absent, ba requested: Absent, execute: None, rollback: None, cache: No, uncache: No, dependency: None
[06F4:3D40][2026-06-18T09:42:33]i201: Planned package: tcltk_AllUsers_pdb, state: Absent, default requested: Absent, ba requested: Absent, execute: None, rollback: None, cache: No, uncache: No, dependency: None
[06F4:3D40][2026-06-18T09:42:33]i201: Planned package: tcltk_AllUsers_d, state: Absent, default requested: Absent, ba requested: Absent, execute: None, rollback: None, cache: No, uncache: No, dependency: None
[06F4:3D40][2026-06-18T09:42:33]i201: Planned package: tcltk_JustForMe, state: Absent, default requested: Present, ba requested: Present, execute: Install, rollback: Uninstall, cache: Yes, uncache: No, dependency: Register
[06F4:3D40][2026-06-18T09:42:33]i201: Planned package: tcltk_JustForMe_pdb, state: Absent, default requested: Absent, ba requested: Absent, execute: None, rollback: None, cache: No, uncache: No, dependency: None
[06F4:3D40][2026-06-18T09:42:33]i201: Planned package: tcltk_JustForMe_d, state: Absent, default requested: Absent, ba requested: Absent, execute: None, rollback: None, cache: No, uncache: No, dependency: None
[06F4:3D40][2026-06-18T09:42:33]i201: Planned package: launcher_AllUsers, state: Obsolete, default requested: None, ba requested: None, execute: None, rollback: None, cache: No, uncache: No, dependency: None
[06F4:3D40][2026-06-18T09:42:33]i201: Planned package: launcher_JustForMe, state: Obsolete, default requested: None, ba requested: None, execute: None, rollback: None, cache: No, uncache: No, dependency: None
[06F4:3D40][2026-06-18T09:42:33]i201: Planned package: pip_AllUsers, state: Absent, default requested: Absent, ba requested: Absent, execute: None, rollback: None, cache: No, uncache: No, dependency: None
[06F4:3D40][2026-06-18T09:42:33]i201: Planned package: pip_JustForMe, state: Absent, default requested: Present, ba requested: Present, execute: Install, rollback: Uninstall, cache: Yes, uncache: No, dependency: Register
[06F4:3D40][2026-06-18T09:42:33]i201: Planned package: path_AllUsers, state: Absent, default requested: Absent, ba requested: Absent, execute: None, rollback: None, cache: No, uncache: No, dependency: None
[06F4:3D40][2026-06-18T09:42:33]i201: Planned package: path_JustForMe, state: Absent, default requested: Present, ba requested: Present, execute: Install, rollback: Uninstall, cache: Yes, uncache: No, dependency: Register
[06F4:3D40][2026-06-18T09:42:33]i201: Planned package: appendpath_AllUsers, state: Absent, default requested: Absent, ba requested: Absent, execute: None, rollback: None, cache: No, uncache: No, dependency: None
[06F4:3D40][2026-06-18T09:42:33]i201: Planned package: appendpath_JustForMe, state: Absent, default requested: Absent, ba requested: Absent, execute: None, rollback: None, cache: No, uncache: No, dependency: None
[06F4:3D40][2026-06-18T09:42:33]i201: Planned package: compileall_AllUsers, state: Absent, default requested: Absent, ba requested: Absent, execute: None, rollback: None, cache: No, uncache: No, dependency: None
[06F4:3D40][2026-06-18T09:42:33]i201: Planned package: compileallO_AllUsers, state: Absent, default requested: Absent, ba requested: Absent, execute: None, rollback: None, cache: No, uncache: No, dependency: None
[06F4:3D40][2026-06-18T09:42:33]i201: Planned package: compileallOO_AllUsers, state: Absent, default requested: Absent, ba requested: Absent, execute: None, rollback: None, cache: No, uncache: No, dependency: None
[06F4:3D40][2026-06-18T09:42:33]i201: Planned package: compileall_JustForMe, state: Absent, default requested: Absent, ba requested: Absent, execute: None, rollback: None, cache: No, uncache: No, dependency: None
[06F4:3D40][2026-06-18T09:42:33]i201: Planned package: compileallO_JustForMe, state: Absent, default requested: Absent, ba requested: Absent, execute: None, rollback: None, cache: No, uncache: No, dependency: None
[06F4:3D40][2026-06-18T09:42:33]i201: Planned package: compileallOO_JustForMe, state: Absent, default requested: Absent, ba requested: Absent, execute: None, rollback: None, cache: No, uncache: No, dependency: None
[06F4:3D40][2026-06-18T09:42:33]i299: Plan complete, result: 0x0
[06F4:3D40][2026-06-18T09:42:33]i300: Apply begin
[06F4:3D40][2026-06-18T09:42:33]i370: Session begin, registration key: SOFTWARE\Microsoft\Windows\CurrentVersion\Uninstall\{c49e1a3f-d78c-4307-b1e9-fc5e0ebb91a1}, options: 0x7, disable resume: No
[06F4:3D40][2026-06-18T09:42:33]i000: Caching bundle from: 'C:\Users\admin\AppData\Local\Temp\{A67E96A4-2949-4556-A728-E0A718D735AB}\.be\python-3.13.14-amd64.exe' to: 'C:\Users\admin\AppData\Local\Package Cache\{c49e1a3f-d78c-4307-b1e9-fc5e0ebb91a1}\python-3.13.14-amd64.exe'
[06F4:3D40][2026-06-18T09:42:33]i320: Registering bundle dependency provider: CPython-3.13, version: 3.13.14150.0
[06F4:3D40][2026-06-18T09:42:33]i371: Updating session, registration key: SOFTWARE\Microsoft\Windows\CurrentVersion\Uninstall\{c49e1a3f-d78c-4307-b1e9-fc5e0ebb91a1}, resume: Active, restart initiated: No, disable resume: No
[06F4:3870][2026-06-18T09:42:33]i305: Verified acquired payload: core_JustForMe at path: C:\Users\admin\AppData\Local\Package Cache\.unverified\core_JustForMe, moving to: C:\Users\admin\AppData\Local\Package Cache\{1E897E54-A9F8-4146-A531-9B4E7093AC92}v3.13.14150.0\core.msi.
[06F4:3D40][2026-06-18T09:42:33]i323: Registering package dependency provider: {1E897E54-A9F8-4146-A531-9B4E7093AC92}, version: 3.13.14150.0, package: core_JustForMe
[06F4:3D40][2026-06-18T09:42:33]i301: Applying execute package: core_JustForMe, action: Install, path: C:\Users\admin\AppData\Local\Package Cache\{1E897E54-A9F8-4146-A531-9B4E7093AC92}v3.13.14150.0\core.msi, arguments: ' ARPSYSTEMCOMPONENT="1" MSIFASTINSTALL="7" TARGETDIR="C:\Users\admin\AppData\Local\Programs\Python\Python313" OPTIONALFEATURESREGISTRYKEY="Software\Python\PythonCore\3.13\InstalledFeatures"'
[06F4:3870][2026-06-18T09:42:33]i305: Verified acquired payload: exe_JustForMe at path: C:\Users\admin\AppData\Local\Package Cache\.unverified\exe_JustForMe, moving to: C:\Users\admin\AppData\Local\Package Cache\{377B613A-310E-45FF-9E16-63876BF37A30}v3.13.14150.0\exe.msi.
[06F4:3870][2026-06-18T09:42:33]i305: Verified acquired payload: dev_JustForMe at path: C:\Users\admin\AppData\Local\Package Cache\.unverified\dev_JustForMe, moving to: C:\Users\admin\AppData\Local\Package Cache\{D22E5A19-BCA7-4438-904E-54CEB910C054}v3.13.14150.0\dev.msi.
[06F4:3870][2026-06-18T09:42:33]i305: Verified acquired payload: lib_JustForMe at path: C:\Users\admin\AppData\Local\Package Cache\.unverified\lib_JustForMe, moving to: C:\Users\admin\AppData\Local\Package Cache\{FAF06E78-33D1-49DC-BDA8-626BC5C4A408}v3.13.14150.0\lib.msi.
[06F4:3870][2026-06-18T09:42:33]i305: Verified acquired payload: doc_JustForMe at path: C:\Users\admin\AppData\Local\Package Cache\.unverified\doc_JustForMe, moving to: C:\Users\admin\AppData\Local\Package Cache\{4F4A15BF-B55E-4A32-A9A7-32E649C2E9BD}v3.13.14150.0\doc.msi.
[06F4:3870][2026-06-18T09:42:33]i305: Verified acquired payload: tcltk_JustForMe at path: C:\Users\admin\AppData\Local\Package Cache\.unverified\tcltk_JustForMe, moving to: C:\Users\admin\AppData\Local\Package Cache\{88AE664F-B464-40D0-9DCE-35D367D20EBB}v3.13.14150.0\tcltk.msi.
[06F4:3870][2026-06-18T09:42:33]i305: Verified acquired payload: pip_JustForMe at path: C:\Users\admin\AppData\Local\Package Cache\.unverified\pip_JustForMe, moving to: C:\Users\admin\AppData\Local\Package Cache\{82676C9E-1943-4D0B-AFB4-EB6C5F5F10C8}v3.13.14150.0\pip.msi.
[06F4:3870][2026-06-18T09:42:33]i305: Verified acquired payload: path_JustForMe at path: C:\Users\admin\AppData\Local\Package Cache\.unverified\path_JustForMe, moving to: C:\Users\admin\AppData\Local\Package Cache\{A27E846A-8ADA-4B89-935D-64E8C3579303}v3.13.14150.0\path.msi.
[06F4:3D40][2026-06-18T09:42:33]i319: Applied execute package: core_JustForMe, result: 0x0, restart: None
[06F4:3D40][2026-06-18T09:42:33]i325: Registering dependency: {c49e1a3f-d78c-4307-b1e9-fc5e0ebb91a1} on package provider: {1E897E54-A9F8-4146-A531-9B4E7093AC92}, package: core_JustForMe
[06F4:3D40][2026-06-18T09:42:33]i323: Registering package dependency provider: {377B613A-310E-45FF-9E16-63876BF37A30}, version: 3.13.14150.0, package: exe_JustForMe
[06F4:3D40][2026-06-18T09:42:33]i301: Applying execute package: exe_JustForMe, action: Install, path: C:\Users\admin\AppData\Local\Package Cache\{377B613A-310E-45FF-9E16-63876BF37A30}v3.13.14150.0\exe.msi, arguments: ' ARPSYSTEMCOMPONENT="1" MSIFASTINSTALL="7" TARGETDIR="C:\Users\admin\AppData\Local\Programs\Python\Python313" OPTIONALFEATURESREGISTRYKEY="Software\Python\PythonCore\3.13\InstalledFeatures" ADDLOCAL="DefaultFeature,Shortcuts"'
[06F4:3D40][2026-06-18T09:42:33]i319: Applied execute package: exe_JustForMe, result: 0x0, restart: None
[06F4:3D40][2026-06-18T09:42:33]i325: Registering dependency: {c49e1a3f-d78c-4307-b1e9-fc5e0ebb91a1} on package provider: {377B613A-310E-45FF-9E16-63876BF37A30}, package: exe_JustForMe
[06F4:3D40][2026-06-18T09:42:33]i323: Registering package dependency provider: {D22E5A19-BCA7-4438-904E-54CEB910C054}, version: 3.13.14150.0, package: dev_JustForMe
[06F4:3D40][2026-06-18T09:42:33]i301: Applying execute package: dev_JustForMe, action: Install, path: C:\Users\admin\AppData\Local\Package Cache\{D22E5A19-BCA7-4438-904E-54CEB910C054}v3.13.14150.0\dev.msi, arguments: ' ARPSYSTEMCOMPONENT="1" MSIFASTINSTALL="7" TARGETDIR="C:\Users\admin\AppData\Local\Programs\Python\Python313" OPTIONALFEATURESREGISTRYKEY="Software\Python\PythonCore\3.13\InstalledFeatures"'
[06F4:3D40][2026-06-18T09:42:34]i319: Applied execute package: dev_JustForMe, result: 0x0, restart: None
[06F4:3D40][2026-06-18T09:42:34]i325: Registering dependency: {c49e1a3f-d78c-4307-b1e9-fc5e0ebb91a1} on package provider: {D22E5A19-BCA7-4438-904E-54CEB910C054}, package: dev_JustForMe
[06F4:3D40][2026-06-18T09:42:34]i323: Registering package dependency provider: {FAF06E78-33D1-49DC-BDA8-626BC5C4A408}, version: 3.13.14150.0, package: lib_JustForMe
[06F4:3D40][2026-06-18T09:42:34]i301: Applying execute package: lib_JustForMe, action: Install, path: C:\Users\admin\AppData\Local\Package Cache\{FAF06E78-33D1-49DC-BDA8-626BC5C4A408}v3.13.14150.0\lib.msi, arguments: ' ARPSYSTEMCOMPONENT="1" MSIFASTINSTALL="7" TARGETDIR="C:\Users\admin\AppData\Local\Programs\Python\Python313" OPTIONALFEATURESREGISTRYKEY="Software\Python\PythonCore\3.13\InstalledFeatures"'
[06F4:3D40][2026-06-18T09:42:35]i319: Applied execute package: lib_JustForMe, result: 0x0, restart: None
[06F4:3D40][2026-06-18T09:42:35]i325: Registering dependency: {c49e1a3f-d78c-4307-b1e9-fc5e0ebb91a1} on package provider: {FAF06E78-33D1-49DC-BDA8-626BC5C4A408}, package: lib_JustForMe
[06F4:3D40][2026-06-18T09:42:35]i323: Registering package dependency provider: {4F4A15BF-B55E-4A32-A9A7-32E649C2E9BD}, version: 3.13.14150.0, package: doc_JustForMe
[06F4:3D40][2026-06-18T09:42:35]i301: Applying execute package: doc_JustForMe, action: Install, path: C:\Users\admin\AppData\Local\Package Cache\{4F4A15BF-B55E-4A32-A9A7-32E649C2E9BD}v3.13.14150.0\doc.msi, arguments: ' ARPSYSTEMCOMPONENT="1" MSIFASTINSTALL="7" TARGETDIR="C:\Users\admin\AppData\Local\Programs\Python\Python313" OPTIONALFEATURESREGISTRYKEY="Software\Python\PythonCore\3.13\InstalledFeatures" ADDLOCAL="DefaultFeature,Shortcuts"'
[06F4:3D40][2026-06-18T09:42:36]i319: Applied execute package: doc_JustForMe, result: 0x0, restart: None
[06F4:3D40][2026-06-18T09:42:36]i325: Registering dependency: {c49e1a3f-d78c-4307-b1e9-fc5e0ebb91a1} on package provider: {4F4A15BF-B55E-4A32-A9A7-32E649C2E9BD}, package: doc_JustForMe
[06F4:3D40][2026-06-18T09:42:36]i323: Registering package dependency provider: {88AE664F-B464-40D0-9DCE-35D367D20EBB}, version: 3.13.14150.0, package: tcltk_JustForMe
[06F4:3D40][2026-06-18T09:42:36]i301: Applying execute package: tcltk_JustForMe, action: Install, path: C:\Users\admin\AppData\Local\Package Cache\{88AE664F-B464-40D0-9DCE-35D367D20EBB}v3.13.14150.0\tcltk.msi, arguments: ' ARPSYSTEMCOMPONENT="1" MSIFASTINSTALL="7" TARGETDIR="C:\Users\admin\AppData\Local\Programs\Python\Python313" OPTIONALFEATURESREGISTRYKEY="Software\Python\PythonCore\3.13\InstalledFeatures" ADDLOCAL="DefaultFeature,AssociateFiles,Shortcuts"'
[06F4:3D40][2026-06-18T09:42:39]i319: Applied execute package: tcltk_JustForMe, result: 0x0, restart: None
[06F4:3D40][2026-06-18T09:42:39]i325: Registering dependency: {c49e1a3f-d78c-4307-b1e9-fc5e0ebb91a1} on package provider: {88AE664F-B464-40D0-9DCE-35D367D20EBB}, package: tcltk_JustForMe
[06F4:3D40][2026-06-18T09:42:39]i323: Registering package dependency provider: {82676C9E-1943-4D0B-AFB4-EB6C5F5F10C8}, version: 3.13.14150.0, package: pip_JustForMe
[06F4:3D40][2026-06-18T09:42:39]i301: Applying execute package: pip_JustForMe, action: Install, path: C:\Users\admin\AppData\Local\Package Cache\{82676C9E-1943-4D0B-AFB4-EB6C5F5F10C8}v3.13.14150.0\pip.msi, arguments: ' ARPSYSTEMCOMPONENT="1" MSIFASTINSTALL="7" TARGETDIR="C:\Users\admin\AppData\Local\Programs\Python\Python313" OPTIONALFEATURESREGISTRYKEY="Software\Python\PythonCore\3.13\InstalledFeatures"'
[06F4:3D40][2026-06-18T09:42:47]i319: Applied execute package: pip_JustForMe, result: 0x0, restart: None
[06F4:3D40][2026-06-18T09:42:47]i325: Registering dependency: {c49e1a3f-d78c-4307-b1e9-fc5e0ebb91a1} on package provider: {82676C9E-1943-4D0B-AFB4-EB6C5F5F10C8}, package: pip_JustForMe
[06F4:3D40][2026-06-18T09:42:47]i323: Registering package dependency provider: {A27E846A-8ADA-4B89-935D-64E8C3579303}, version: 3.13.14150.0, package: path_JustForMe
[06F4:3D40][2026-06-18T09:42:47]i301: Applying execute package: path_JustForMe, action: Install, path: C:\Users\admin\AppData\Local\Package Cache\{A27E846A-8ADA-4B89-935D-64E8C3579303}v3.13.14150.0\path.msi, arguments: ' ARPSYSTEMCOMPONENT="1" MSIFASTINSTALL="7" TARGETDIR="C:\Users\admin\AppData\Local\Programs\Python\Python313" OPTIONALFEATURESREGISTRYKEY="Software\Python\PythonCore\3.13\InstalledFeatures"'
[06F4:3D40][2026-06-18T09:42:48]i319: Applied execute package: path_JustForMe, result: 0x0, restart: None
[06F4:3D40][2026-06-18T09:42:48]i325: Registering dependency: {c49e1a3f-d78c-4307-b1e9-fc5e0ebb91a1} on package provider: {A27E846A-8ADA-4B89-935D-64E8C3579303}, package: path_JustForMe
[06F4:3D40][2026-06-18T09:42:48]i372: Session end, registration key: SOFTWARE\Microsoft\Windows\CurrentVersion\Uninstall\{c49e1a3f-d78c-4307-b1e9-fc5e0ebb91a1}, resume: ARP, restart: None, disable resume: No
[06F4:3D40][2026-06-18T09:42:48]i371: Updating session, registration key: SOFTWARE\Microsoft\Windows\CurrentVersion\Uninstall\{c49e1a3f-d78c-4307-b1e9-fc5e0ebb91a1}, resume: ARP, restart initiated: No, disable resume: No
[06F4:3D40][2026-06-18T09:42:48]i399: Apply complete, result: 0x0, restart: None, ba requested restart:  No
[06F4:3D40][2026-06-18T09:42:48]i500: Shutting down, exit code: 0x0
[06F4:3D40][2026-06-18T09:42:48]i410: Variable: ActionLikeInstallation = Setup
[06F4:3D40][2026-06-18T09:42:48]i410: Variable: ActionLikeInstalling = Installing
[06F4:3D40][2026-06-18T09:42:48]i410: Variable: AppendPath = 0
[06F4:3D40][2026-06-18T09:42:48]i410: Variable: AssociateFiles = -1
[06F4:3D40][2026-06-18T09:42:48]i410: Variable: BlockedLauncher = 1
[06F4:3D40][2026-06-18T09:42:48]i410: Variable: CompileAll = 0
[06F4:3D40][2026-06-18T09:42:48]i410: Variable: CRTInstalled = 1
[06F4:3D40][2026-06-18T09:42:48]i410: Variable: CustomBrowseButtonState = enabled
[06F4:3D40][2026-06-18T09:42:48]i410: Variable: CustomInstallLauncherAllUsersState = disable
[06F4:3D40][2026-06-18T09:42:48]i410: Variable: DefaultAllUsersTargetDir = C:\Program Files\Python313
[06F4:3D40][2026-06-18T09:42:48]i410: Variable: DefaultCustomTargetDir = 
[06F4:3D40][2026-06-18T09:42:48]i410: Variable: DefaultJustForMeTargetDir = C:\Users\admin\AppData\Local\Programs\Python\Python313
[06F4:3D40][2026-06-18T09:42:48]i410: Variable: DetectedLauncher = 1
[06F4:3D40][2026-06-18T09:42:48]i410: Variable: DetectedOldLauncher = 0
[06F4:3D40][2026-06-18T09:42:48]i410: Variable: Include_core = 1
[06F4:3D40][2026-06-18T09:42:48]i410: Variable: Include_debug = 0
[06F4:3D40][2026-06-18T09:42:48]i410: Variable: Include_dev = 1
[06F4:3D40][2026-06-18T09:42:48]i410: Variable: Include_doc = 1
[06F4:3D40][2026-06-18T09:42:48]i410: Variable: Include_exe = 1
[06F4:3D40][2026-06-18T09:42:48]i410: Variable: Include_freethreaded = 0
[06F4:3D40][2026-06-18T09:42:48]i410: Variable: Include_freethreadedState = enabled
[06F4:3D40][2026-06-18T09:42:48]i410: Variable: Include_launcher = 0
[06F4:3D40][2026-06-18T09:42:48]i410: Variable: Include_launcherState = disable
[06F4:3D40][2026-06-18T09:42:48]i410: Variable: Include_lib = 1
[06F4:3D40][2026-06-18T09:42:48]i410: Variable: Include_pip = 1
[06F4:3D40][2026-06-18T09:42:48]i410: Variable: Include_symbols = 0
[06F4:3D40][2026-06-18T09:42:48]i410: Variable: Include_tcltk = 1
[06F4:3D40][2026-06-18T09:42:48]i410: Variable: Include_test = 0
[06F4:3D40][2026-06-18T09:42:48]i410: Variable: Include_tools = 0
[06F4:3D40][2026-06-18T09:42:48]i410: Variable: InstallAllUsers = 0
[06F4:3D40][2026-06-18T09:42:48]i410: Variable: InstallAllUsersState = enabled
[06F4:3D40][2026-06-18T09:42:48]i410: Variable: InstallLauncherAllUsers = 0
[06F4:3D40][2026-06-18T09:42:48]i410: Variable: InstallLauncherAllUsersState = disable
[06F4:3D40][2026-06-18T09:42:48]i410: Variable: LauncherOnly = 0
[06F4:3D40][2026-06-18T09:42:48]i410: Variable: LocalAppDataFolder = C:\Users\admin\AppData\Local\
[06F4:3D40][2026-06-18T09:42:48]i410: Variable: OptionalFeaturesRegistryKey = Software\Python\PythonCore\3.13\InstalledFeatures
[06F4:3D40][2026-06-18T09:42:48]i410: Variable: PrependPath = 1
[06F4:3D40][2026-06-18T09:42:48]i410: Variable: ProgramFiles64Folder = C:\Program Files\
[06F4:3D40][2026-06-18T09:42:48]i410: Variable: Shortcuts = 1
[06F4:3D40][2026-06-18T09:42:48]i410: Variable: ShortVersion = 3.13
[06F4:3D40][2026-06-18T09:42:48]i410: Variable: ShortVersionNoDot = 313
[06F4:3D40][2026-06-18T09:42:48]i410: Variable: SimpleInstall = 0
[06F4:3D40][2026-06-18T09:42:48]i410: Variable: SimpleInstallDescription = 
[06F4:3D40][2026-06-18T09:42:48]i410: Variable: TargetDir = C:\Users\admin\AppData\Local\Programs\Python\Python313
[06F4:3D40][2026-06-18T09:42:48]i410: Variable: TargetDirRegistryKey = Software\Python\PythonCore\3.13\InstallPath
[06F4:3D40][2026-06-18T09:42:48]i410: Variable: TargetDirState = enabled
[06F4:3D40][2026-06-18T09:42:48]i410: Variable: TargetPlatform = x64
[06F4:3D40][2026-06-18T09:42:48]i410: Variable: WinVer = 3.13
[06F4:3D40][2026-06-18T09:42:48]i410: Variable: WinVerNoDot = 313
[06F4:3D40][2026-06-18T09:42:48]i410: Variable: WixBundleAction = 5
[06F4:3D40][2026-06-18T09:42:48]i410: Variable: WixBundleElevated = 0
[06F4:3D40][2026-06-18T09:42:48]i410: Variable: WixBundleFileVersion = 3.13.14150.0
[06F4:3D40][2026-06-18T09:42:48]i410: Variable: WixBundleInstalled = 0
[06F4:3D40][2026-06-18T09:42:48]i410: Variable: WixBundleLog = D:\Hazel\Antig\0618am\python_install.log
[06F4:3D40][2026-06-18T09:42:48]i410: Variable: WixBundleLog_core_JustForMe = D:\Hazel\Antig\0618am\python_install_000_core_JustForMe.log
[06F4:3D40][2026-06-18T09:42:48]i410: Variable: WixBundleLog_dev_JustForMe = D:\Hazel\Antig\0618am\python_install_002_dev_JustForMe.log
[06F4:3D40][2026-06-18T09:42:48]i410: Variable: WixBundleLog_doc_JustForMe = D:\Hazel\Antig\0618am\python_install_004_doc_JustForMe.log
[06F4:3D40][2026-06-18T09:42:48]i410: Variable: WixBundleLog_exe_JustForMe = D:\Hazel\Antig\0618am\python_install_001_exe_JustForMe.log
[06F4:3D40][2026-06-18T09:42:48]i410: Variable: WixBundleLog_lib_JustForMe = D:\Hazel\Antig\0618am\python_install_003_lib_JustForMe.log
[06F4:3D40][2026-06-18T09:42:48]i410: Variable: WixBundleLog_path_JustForMe = D:\Hazel\Antig\0618am\python_install_007_path_JustForMe.log
[06F4:3D40][2026-06-18T09:42:48]i410: Variable: WixBundleLog_pip_JustForMe = D:\Hazel\Antig\0618am\python_install_006_pip_JustForMe.log
[06F4:3D40][2026-06-18T09:42:48]i410: Variable: WixBundleLog_tcltk_JustForMe = D:\Hazel\Antig\0618am\python_install_005_tcltk_JustForMe.log
[06F4:3D40][2026-06-18T09:42:48]i410: Variable: WixBundleManufacturer = Python Software Foundation
[06F4:3D40][2026-06-18T09:42:48]i410: Variable: WixBundleName = Python 3.13.14 (64-bit)
[06F4:3D40][2026-06-18T09:42:48]i410: Variable: WixBundleOriginalSource = D:\Hazel\Antig\0618am\python-installer.exe
[06F4:3D40][2026-06-18T09:42:48]i410: Variable: WixBundleOriginalSourceFolder = D:\Hazel\Antig\0618am\
[06F4:3D40][2026-06-18T09:42:48]i410: Variable: WixBundleProviderKey = CPython-3.13
[06F4:3D40][2026-06-18T09:42:48]i410: Variable: WixBundleRollbackLog_core_JustForMe = D:\Hazel\Antig\0618am\python_install_000_core_JustForMe_rollback.log
[06F4:3D40][2026-06-18T09:42:48]i410: Variable: WixBundleRollbackLog_dev_JustForMe = D:\Hazel\Antig\0618am\python_install_002_dev_JustForMe_rollback.log
[06F4:3D40][2026-06-18T09:42:48]i410: Variable: WixBundleRollbackLog_doc_JustForMe = D:\Hazel\Antig\0618am\python_install_004_doc_JustForMe_rollback.log
[06F4:3D40][2026-06-18T09:42:48]i410: Variable: WixBundleRollbackLog_exe_JustForMe = D:\Hazel\Antig\0618am\python_install_001_exe_JustForMe_rollback.log
[06F4:3D40][2026-06-18T09:42:48]i410: Variable: WixBundleRollbackLog_lib_JustForMe = D:\Hazel\Antig\0618am\python_install_003_lib_JustForMe_rollback.log
[06F4:3D40][2026-06-18T09:42:48]i410: Variable: WixBundleRollbackLog_path_JustForMe = D:\Hazel\Antig\0618am\python_install_007_path_JustForMe_rollback.log
[06F4:3D40][2026-06-18T09:42:48]i410: Variable: WixBundleRollbackLog_pip_JustForMe = D:\Hazel\Antig\0618am\python_install_006_pip_JustForMe_rollback.log
[06F4:3D40][2026-06-18T09:42:48]i410: Variable: WixBundleRollbackLog_tcltk_JustForMe = D:\Hazel\Antig\0618am\python_install_005_tcltk_JustForMe_rollback.log
[06F4:3D40][2026-06-18T09:42:48]i410: Variable: WixBundleSourceProcessFolder = D:\Hazel\Antig\0618am\
[06F4:3D40][2026-06-18T09:42:48]i410: Variable: WixBundleSourceProcessPath = D:\Hazel\Antig\0618am\python-installer.exe
[06F4:3D40][2026-06-18T09:42:48]i410: Variable: WixBundleTag = 
[06F4:3D40][2026-06-18T09:42:48]i410: Variable: WixBundleUILevel = 2
[06F4:3D40][2026-06-18T09:42:48]i410: Variable: WixBundleVersion = 3.13.14150.0
[06F4:3D40][2026-06-18T09:42:48]i007: Exit code: 0x0, restarting: No
